<?xml version="1.0" encoding="UTF-8"?>
<robot generator="Robot 3.2.2 (Python 3.8.5 on win32)" generated="20201211 11:05:59.009" rpa="false">
<suite id="s1" name="Bapacho" source="C:\Users\Nisha\git\ta-bapacho\Bapacho">
<suite id="s1-s1" name="Test Suite" source="C:\Users\Nisha\git\ta-bapacho\Bapacho\Test Suite">
<suite id="s1-s1-s1" name="MerchantSite" source="C:\Users\Nisha\git\ta-bapacho\Bapacho\Test Suite\MerchantSite.robot">
<test id="s1-s1-s1-t1" name="MO017TC002">
<kw name="Set Screenshot Directory" library="SeleniumLibrary" type="setup">
<doc>Sets the directory for captured screenshots.</doc>
<arguments>
<arg>C:/Users/Nisha/git/ta-bapacho/Bapacho/Merchant Site Screenshots</arg>
</arguments>
<status status="PASS" starttime="20201211 11:05:59.563" endtime="20201211 11:05:59.563"></status>
</kw>
<kw name="Open_Bapachosite" library="Customerkeywords">
<kw name="Open Browser" library="SeleniumLibrary">
<doc>Opens a new browser instance to the optional ``url``.</doc>
<arguments>
<arg>${Bapacho_URL_${Language}}</arg>
<arg>chrome</arg>
</arguments>
<msg timestamp="20201211 11:05:59.564" level="INFO">Opening browser 'chrome' to base url 'https://staging.bapacho.nl/en/'.</msg>
<status status="PASS" starttime="20201211 11:05:59.564" endtime="20201211 11:06:04.006"></status>
</kw>
<kw name="Maximize Browser Window" library="SeleniumLibrary">
<doc>Maximizes current browser window.</doc>
<status status="PASS" starttime="20201211 11:06:04.007" endtime="20201211 11:06:06.132"></status>
</kw>
<status status="PASS" starttime="20201211 11:05:59.563" endtime="20201211 11:06:06.132"></status>
</kw>
<kw name="Login_as_Merchant without online payment" library="Merchantkeywords">
<kw name="Set Browser Implicit Wait" library="SeleniumLibrary">
<doc>Sets the implicit wait value used by Selenium.</doc>
<arguments>
<arg>5</arg>
</arguments>
<status status="PASS" starttime="20201211 11:06:06.134" endtime="20201211 11:06:06.134"></status>
</kw>
<kw name="Click Element" library="SeleniumLibrary">
<doc>Click the element identified by ``locator``.</doc>
<arguments>
<arg>${LoginasMerchant_${Language}}</arg>
</arguments>
<msg timestamp="20201211 11:06:06.135" level="INFO">Clicking element '(//a[contains(.,'Login as Merchant')])[1]'.</msg>
<status status="PASS" starttime="20201211 11:06:06.135" endtime="20201211 11:06:06.240"></status>
</kw>
<kw name="Input Text" library="SeleniumLibrary">
<doc>Types the given ``text`` into the text field identified by ``locator``.</doc>
<arguments>
<arg>//input[@id='name']</arg>
<arg>${Merchant_Without_OnlinePayment_Credentials}[0]</arg>
</arguments>
<msg timestamp="20201211 11:06:06.244" level="INFO">Typing text 'automatedmerchant001@yopmail.com' into text field '//input[@id='name']'.</msg>
<status status="PASS" starttime="20201211 11:06:06.241" endtime="20201211 11:06:06.502"></status>
</kw>
<kw name="Input Password" library="SeleniumLibrary">
<doc>Types the given password into the text field identified by ``locator``.</doc>
<arguments>
<arg>(//input[@id='name'])[2]</arg>
<arg>${Merchant_Without_OnlinePayment_Credentials}[1]</arg>
</arguments>
<msg timestamp="20201211 11:06:06.502" level="INFO">Typing password into text field '(//input[@id='name'])[2]'.</msg>
<msg timestamp="20201211 11:06:06.551" level="INFO">Temporally setting log level to: NONE</msg>
<msg timestamp="20201211 11:06:06.605" level="INFO">Log level changed from NONE to INFO.</msg>
<status status="PASS" starttime="20201211 11:06:06.502" endtime="20201211 11:06:06.605"></status>
</kw>
<kw name="Click Button" library="SeleniumLibrary">
<doc>Clicks the button identified by ``locator``.</doc>
<arguments>
<arg>${Submit_Login}</arg>
</arguments>
<msg timestamp="20201211 11:06:06.606" level="INFO">Clicking button '//button[@onclick="$('#loginForm').submit()"]'.</msg>
<status status="PASS" starttime="20201211 11:06:06.605" endtime="20201211 11:06:06.661"></status>
</kw>
<kw name="Sleep" library="BuiltIn">
<doc>Pauses the test executed for the given time.</doc>
<arguments>
<arg>2</arg>
</arguments>
<msg timestamp="20201211 11:06:08.661" level="INFO">Slept 2 seconds</msg>
<status status="PASS" starttime="20201211 11:06:06.661" endtime="20201211 11:06:08.661"></status>
</kw>
<status status="PASS" starttime="20201211 11:06:06.133" endtime="20201211 11:06:08.661"></status>
</kw>
<kw name="Capture Page Screenshot" library="SeleniumLibrary">
<doc>Takes a screenshot of the current page and embeds it into a log file.</doc>
<msg timestamp="20201211 11:06:08.963" level="INFO" html="yes">&lt;/td&gt;&lt;/tr&gt;&lt;tr&gt;&lt;td colspan="3"&gt;&lt;a href="Merchant%20Site%20Screenshots/selenium-screenshot-1.png"&gt;&lt;img src="Merchant%20Site%20Screenshots/selenium-screenshot-1.png" width="800px"&gt;&lt;/a&gt;</msg>
<status status="PASS" starttime="20201211 11:06:08.662" endtime="20201211 11:06:08.963"></status>
</kw>
<kw name="View Orders for future today" library="Merchantkeywords">
<kw name="Double Click Element" library="SeleniumLibrary">
<doc>Double clicks the element identified by ``locator``.</doc>
<arguments>
<arg>//span[contains(text(),'15')]</arg>
</arguments>
<msg timestamp="20201211 11:06:08.964" level="INFO">Double clicking element '//span[contains(text(),'15')]'.</msg>
<kw name="Capture Page Screenshot" library="SeleniumLibrary">
<doc>Takes a screenshot of the current page and embeds it into a log file.</doc>
<msg timestamp="20201211 11:06:12.222" level="FAIL">NoSuchWindowException: Message: no such window: target window already closed
from unknown error: web view not found
  (Session info: chrome=87.0.4280.88)
</msg>
<status status="FAIL" starttime="20201211 11:06:12.216" endtime="20201211 11:06:12.223"></status>
</kw>
<msg timestamp="20201211 11:06:12.223" level="WARN">Keyword 'Capture Page Screenshot' could not be run on failure: NoSuchWindowException: Message: no such window: target window already closed
from unknown error: web view not found
  (Session info: chrome=87.0.4280.88)
</msg>
<msg timestamp="20201211 11:06:12.226" level="FAIL">Element with locator '//span[contains(text(),'15')]' not found.</msg>
<status status="FAIL" starttime="20201211 11:06:08.964" endtime="20201211 11:06:12.227"></status>
</kw>
<status status="FAIL" starttime="20201211 11:06:08.964" endtime="20201211 11:06:12.227"></status>
</kw>
<tags>
<tag>RegressionTest</tag>
</tags>
<status status="FAIL" starttime="20201211 11:05:59.562" endtime="20201211 11:06:12.228" critical="yes">Element with locator '//span[contains(text(),'15')]' not found.</status>
</test>
<status status="FAIL" starttime="20201211 11:05:59.065" endtime="20201211 11:06:12.229"></status>
</suite>
<status status="FAIL" starttime="20201211 11:05:59.062" endtime="20201211 11:06:12.232"></status>
</suite>
<status status="FAIL" starttime="20201211 11:05:59.042" endtime="20201211 11:06:12.236"></status>
</suite>
<statistics>
<total>
<stat pass="0" fail="1">Critical Tests</stat>
<stat pass="0" fail="1">All Tests</stat>
</total>
<tag>
<stat pass="0" fail="1">RegressionTest</stat>
</tag>
<suite>
<stat pass="0" fail="1" id="s1" name="Bapacho">Bapacho</stat>
<stat pass="0" fail="1" id="s1-s1" name="Test Suite">Bapacho.Test Suite</stat>
<stat pass="0" fail="1" id="s1-s1-s1" name="MerchantSite">Bapacho.Test Suite.MerchantSite</stat>
</suite>
</statistics>
<errors>
<msg timestamp="20201211 11:06:12.223" level="WARN">Keyword 'Capture Page Screenshot' could not be run on failure: NoSuchWindowException: Message: no such window: target window already closed
from unknown error: web view not found
  (Session info: chrome=87.0.4280.88)
</msg>
</errors>
</robot>
